2022-02-23 00:23:41.995 +06:00 [INF] Application Starting up
2022-02-23 00:26:58.749 +06:00 [INF] Application Starting up
2022-02-23 00:29:30.809 +06:00 [INF] Application Starting up
2022-02-23 00:33:13.706 +06:00 [INF] Application Starting up
2022-02-23 00:35:56.637 +06:00 [INF] Application Starting up
2022-02-23 00:37:47.029 +06:00 [INF] Application Starting up
2022-02-23 00:38:56.980 +06:00 [INF] Application Starting up
2022-02-23 00:45:41.845 +06:00 [INF] Application Starting up
2022-02-23 00:49:27.559 +06:00 [INF] Application Starting up
2022-02-23 19:02:24.016 +06:00 [INF] Application Starting up
2022-02-23 19:11:43.383 +06:00 [INF] Application Starting up
2022-02-23 19:17:08.227 +06:00 [ERR] Doesn't Enroll student
System.InvalidOperationException: The instance of entity type 'Student' cannot be tracked because another instance with the same key value for {'Id'} is already being tracked. When attaching existing entities, ensure that only one entity instance with a given key value is attached. Consider using 'DbContextOptionsBuilder.EnableSensitiveDataLogging' to see the conflicting key values.
   at Microsoft.EntityFrameworkCore.ChangeTracking.Internal.IdentityMap`1.ThrowIdentityConflict(InternalEntityEntry entry)
   at Microsoft.EntityFrameworkCore.ChangeTracking.Internal.IdentityMap`1.Add(TKey key, InternalEntityEntry entry, Boolean updateDuplicate)
   at Microsoft.EntityFrameworkCore.ChangeTracking.Internal.IdentityMap`1.Add(TKey key, InternalEntityEntry entry)
   at Microsoft.EntityFrameworkCore.ChangeTracking.Internal.IdentityMap`1.Add(InternalEntityEntry entry)
   at Microsoft.EntityFrameworkCore.ChangeTracking.Internal.StateManager.StartTracking(InternalEntityEntry entry)
   at Microsoft.EntityFrameworkCore.ChangeTracking.Internal.InternalEntityEntry.SetEntityState(EntityState oldState, EntityState newState, Boolean acceptChanges, Boolean modifyProperties)
   at Microsoft.EntityFrameworkCore.ChangeTracking.Internal.InternalEntityEntry.SetEntityState(EntityState entityState, Boolean acceptChanges, Boolean modifyProperties, Nullable`1 forceStateWhenUnknownKey)
   at Microsoft.EntityFrameworkCore.ChangeTracking.Internal.EntityGraphAttacher.PaintAction(EntityEntryGraphNode`1 node)
   at Microsoft.EntityFrameworkCore.ChangeTracking.Internal.EntityEntryGraphIterator.TraverseGraph[TState](EntityEntryGraphNode`1 node, Func`2 handleNode)
   at Microsoft.EntityFrameworkCore.ChangeTracking.Internal.EntityEntryGraphIterator.TraverseGraph[TState](EntityEntryGraphNode`1 node, Func`2 handleNode)
   at Microsoft.EntityFrameworkCore.ChangeTracking.Internal.EntityGraphAttacher.AttachGraph(InternalEntityEntry rootEntry, EntityState targetState, EntityState storeGeneratedWithKeySetTargetState, Boolean forceStateWhenUnknownKey)
   at Microsoft.EntityFrameworkCore.ChangeTracking.Internal.NavigationFixer.NavigationCollectionChanged(InternalEntityEntry entry, INavigationBase navigationBase, IEnumerable`1 added, IEnumerable`1 removed)
   at Microsoft.EntityFrameworkCore.ChangeTracking.Internal.InternalEntityEntryNotifier.NavigationCollectionChanged(InternalEntityEntry entry, INavigationBase navigationBase, IEnumerable`1 added, IEnumerable`1 removed)
   at Microsoft.EntityFrameworkCore.ChangeTracking.Internal.ChangeDetector.DetectNavigationChange(InternalEntityEntry entry, INavigationBase navigationBase)
   at Microsoft.EntityFrameworkCore.ChangeTracking.Internal.ChangeDetector.LocalDetectChanges(InternalEntityEntry entry)
   at Microsoft.EntityFrameworkCore.ChangeTracking.Internal.ChangeDetector.DetectChanges(IStateManager stateManager)
   at Microsoft.EntityFrameworkCore.ChangeTracking.ChangeTracker.DetectChanges()
   at Microsoft.EntityFrameworkCore.DbContext.TryDetectChanges()
   at Microsoft.EntityFrameworkCore.DbContext.SaveChangesAsync(Boolean acceptAllChangesOnSuccess, CancellationToken cancellationToken)
   at DevSkill.Data.UnitOfWork.SaveAsync()
   at MalihaPolyTex.Academy.Services.DepartmentService.EnrollStudentAsync(Course selectedCourse, Student selectedStudent, StudentRegistration enroll) in D:\Logic\Requirment\MalihaPolyTex\src\MalihaPolyTex\MalihaPolyTex.Academy\Services\DepartmentService.cs:line 80
   at MalihaPolyTex.Web.Models.DepartmentModel.EnrollModel.EnrollStudentAsync() in D:\Logic\Requirment\MalihaPolyTex\src\MalihaPolyTex\MalihaPolyTex.Web\Models\DepartmentModel\EnrollModel.cs:line 59
   at MalihaPolyTex.Web.Controllers.DepartmentController.Enroll(EnrollModel model) in D:\Logic\Requirment\MalihaPolyTex\src\MalihaPolyTex\MalihaPolyTex.Web\Controllers\DepartmentController.cs:line 112
2022-02-23 19:19:37.698 +06:00 [INF] Application Starting up
2022-02-23 19:20:53.545 +06:00 [ERR] Doesn't Enroll student
System.NullReferenceException: Object reference not set to an instance of an object.
   at MalihaPolyTex.Academy.Services.DepartmentService.EnrollStudentAsync(Course selectedCourse, Student selectedStudent, StudentRegistration enroll) in D:\Logic\Requirment\MalihaPolyTex\src\MalihaPolyTex\MalihaPolyTex.Academy\Services\DepartmentService.cs:line 66
   at MalihaPolyTex.Web.Models.DepartmentModel.EnrollModel.EnrollStudentAsync() in D:\Logic\Requirment\MalihaPolyTex\src\MalihaPolyTex\MalihaPolyTex.Web\Models\DepartmentModel\EnrollModel.cs:line 59
   at MalihaPolyTex.Web.Controllers.DepartmentController.Enroll(EnrollModel model) in D:\Logic\Requirment\MalihaPolyTex\src\MalihaPolyTex\MalihaPolyTex.Web\Controllers\DepartmentController.cs:line 112
2022-02-23 19:39:48.627 +06:00 [INF] Application Starting up
2022-02-23 21:17:09.652 +06:00 [INF] Application Starting up
